2025-08-20 17:24:56.470680: W external/xla/xla/service/gpu/autotuning/dot_search_space.cc:200] All configs were filtered out because none of them sufficiently match the hints. Maybe the hints set does not contain a good representative set of valid configs?Working around this by using the full hints set instead.
2025-08-20 17:24:56.470734: W external/xla/xla/service/gpu/autotuning/dot_search_space.cc:200] All configs were filtered out because none of them sufficiently match the hints. Maybe the hints set does not contain a good representative set of valid configs?Working around this by using the full hints set instead.
2025-08-20 17:25:00.025670: W external/xla/xla/service/gpu/autotuning/dot_search_space.cc:200] All configs were filtered out because none of them sufficiently match the hints. Maybe the hints set does not contain a good representative set of valid configs?Working around this by using the full hints set instead.
2025-08-20 17:25:00.025705: W external/xla/xla/service/gpu/autotuning/dot_search_space.cc:200] All configs were filtered out because none of them sufficiently match the hints. Maybe the hints set does not contain a good representative set of valid configs?Working around this by using the full hints set instead.
2025-08-20 17:25:00.025747: W external/xla/xla/service/gpu/autotuning/dot_search_space.cc:200] All configs were filtered out because none of them sufficiently match the hints. Maybe the hints set does not contain a good representative set of valid configs?Working around this by using the full hints set instead.
2025-08-20 17:25:00.025759: W external/xla/xla/service/gpu/autotuning/dot_search_space.cc:200] All configs were filtered out because none of them sufficiently match the hints. Maybe the hints set does not contain a good representative set of valid configs?Working around this by using the full hints set instead.
2025-08-20 17:25:14.106078: W external/xla/xla/service/gpu/autotuning/dot_search_space.cc:200] All configs were filtered out because none of them sufficiently match the h[CudaDevice(id=0), CudaDevice(id=1), CudaDevice(id=2), CudaDevice(id=3)]
Epoch 1, Train Loss: 6.4717, Val Loss: 1.5957
Epoch 2, Train Loss: 4.1333, Val Loss: 1.0006
Epoch 3, Train Loss: 3.5810, Val Loss: 0.7500
Epoch 4, Train Loss: 3.1832, Val Loss: 0.5875
Epoch 5, Train Loss: 2.9606, Val Loss: 0.5475
Epoch 6, Train Loss: 2.8225, Val Loss: 0.5382
Epoch 7, Train Loss: 2.7319, Val Loss: 0.5423
Epoch 8, Train Loss: 2.6576, Val Loss: 0.5441
Epoch 9, Train Loss: 2.6021, Val Loss: 0.5462
Epoch 10, Train Loss: 2.5580, Val Loss: 0.5306
Epoch 11, Train Loss: 2.5227, Val Loss: 0.5509
Epoch 12, Train Loss: 2.4920, Val Loss: 0.5369
Epoch 13, Train Loss: 2.4622, Val Loss: 0.5124
Epoch 14, Train Loss: 2.4362, Val Loss: 0.5180
Epoch 15, Train Loss: 2.4107, Val Loss: 0.5118
Epoch 16, Train Loss: 2.3878, Val Loss: 0.5129
Epoch 17, Train Loss: 2.3681, Val Loss: 0.4982
Epoch 18, Train Loss: 2.3524, Val Loss: 0.5027
Epoch 19, Train Loss: 2.3301, Val Loss: 0.5057
Epoch 20, Train Loss: 2.3140, Val Loss: 0.4939
Epoch 21, Train Lossints. Maybe the hints set does not contain a good representative set of valid configs?Working around this by using the full hints set instead.
2025-08-20 17:25:14.106118: W external/xla/xla/service/gpu/autotuning/dot_search_space.cc:200] All configs were filtered out because none of them sufficiently match the hints. Maybe the hints set does not contain a good representative set of valid configs?Working around this by using the full hints set instead.
2025-08-20 17:25:14.106130: W external/xla/xla/service/gpu/autotuning/dot_search_space.cc:200] All configs were filtered out because none of them sufficiently match the hints. Maybe the hints set does not contain a good representative set of valid configs?Working around this by using the full hints set instead.
2025-08-20 17:25:14.106142: W external/xla/xla/service/gpu/autotuning/dot_search_space.cc:200] All configs were filtered out because none of them sufficiently match the hints. Maybe the hints set does not contain a good representative set of valid configs: 2.2986, Val Loss: 0.5081
Epoch 22, Train Loss: 2.2841, Val Loss: 0.5096
Epoch 23, Train Loss: 2.2710, Val Loss: 0.5148
Epoch 24, Train Loss: 2.2618, Val Loss: 0.5166
Epoch 25, Train Loss: 2.2429, Val Loss: 0.5322
Epoch 26, Train Loss: 2.2316, Val Loss: 0.5286
Epoch 27, Train Loss: 2.2159, Val Loss: 0.5410
Epoch 28, Train Loss: 2.2067, Val Loss: 0.5533
Epoch 29, Train Loss: 2.1955, Val Loss: 0.5300
Epoch 30, Train Loss: 2.1923, Val Loss: 0.5569
Epoch 31, Train Loss: 2.1767, Val Loss: 0.5653
Epoch 32, Train Loss: 2.1668, Val Loss: 0.5766
Epoch 33, Train Loss: 2.1625, Val Loss: 0.5817
Epoch 34, Train Loss: 2.1489, Val Loss: 0.5811
Epoch 35, Train Loss: 2.1423, Val Loss: 0.5646
Epoch 36, Train Loss: 2.1319, Val Loss: 0.5668
Epoch 37, Train Loss: 2.1251, Val Loss: 0.5621
Epoch 38, Train Loss: 2.1247, Val Loss: 0.5454
Epoch 39, Train Loss: 2.1144, Val Loss: 0.5289
Epoch 40, Train Loss: 2.1044, Val Loss: 0.5582
Epoch 41, Train Loss: 2.0958, Val Loss: 0.5670
Epoch 42, Train Loss: 2.0879, Val Loss: 0.5590
Epoch 43, ?Working around this by using the full hints set instead.
2025-08-20 17:25:19.756391: W external/xla/xla/service/gpu/autotuning/dot_search_space.cc:200] All configs were filtered out because none of them sufficiently match the hints. Maybe the hints set does not contain a good representative set of valid configs?Working around this by using the full hints set instead.
2025-08-20 17:25:19.756429: W external/xla/xla/service/gpu/autotuning/dot_search_space.cc:200] All configs were filtered out because none of them sufficiently match the hints. Maybe the hints set does not contain a good representative set of valid configs?Working around this by using the full hints set instead.

Train Loss: 2.0945, Val Loss: 0.5476
Epoch 44, Train Loss: 2.0721, Val Loss: 0.5709
Epoch 45, Train Loss: 2.0799, Val Loss: 0.5509
Epoch 46, Train Loss: 2.0638, Val Loss: 0.5742
Epoch 47, Train Loss: 2.0694, Val Loss: 0.5659
Epoch 48, Train Loss: 2.0511, Val Loss: 0.5649
Epoch 49, Train Loss: 2.0464, Val Loss: 0.5674
Epoch 50, Train Loss: 2.0397, Val Loss: 0.5649

