INFO:2025-08-28 20:12:21,868:jax._src.distributed:109: JAX distributed initialized with visible devices: 0,1,2,3
INFO:2025-08-28 20:12:21,869:jax._src.distributed:132: Starting JAX distributed service on [::]:63065
INFO:2025-08-28 20:12:21,875:jax._src.distributed:149: Connecting to JAX distributed service on jwb0636:63065
INFO:2025-08-28 20:12:32,693:jax._src.xla_bridge:752: Unable to initialize backend 'tpu': INTERNAL: Failed to open libtpu.so: libtpu.so: cannot open shared object file: No such file or directory
2025-08-28 20:12:37.792089: W external/xla/xla/service/gpu/autotuning/dot_search_space.cc:200] All configs were filtered out because none of them sufficiently match the hints. Maybe the hints set does not contain a good representative set of valid configs?Working around this by using the full hints set instead.
2025-08-28 20:12:37.792182: W external/xla/xla/service/gpu/autotuning/dot_search_space.cc:200] All configs were filtered out because none of them sufficiently match the hints. Maybe the hints set does not contain a good representative set of valid configs?Working around this by using the full hints set instead.
2025-08-28 20:12:47.506968: W external/xla/xla/service/gpu/autotuning/dot_search_space.cc:200] All configs were filtered out because none of them sufficiently match the hints. Maybe the hints set does not contain a good representative set of valid configs?Working around this by using the full hints set instead.
2025-08-28 20:12:47.507053: W external/xla/xla/service/gpu/autotuning/dot_search_space.cc:200] All configs were filtered out because none of them sufficiently match the hints. Maybe the hints set does not contain a good representative set of valid configs?Working around this by using the full hints set instead.
2025-08-28 20:12:47.507093: W external/xla/xla/service/gpu/autotuning/dot_search_space.cc:200] All configs were filtered out because none of them sufficiently match the hints. Maybe the hints set does not contain a good representative set of valid configs?Working around this 2025-08-28 20:11:27,990 [INFO] Time Window: 128 | Horizons: [  8  16  32  64 128]
2025-08-28 20:12:21,868 [INFO] JAX distributed initialized with visible devices: 0,1,2,3
2025-08-28 20:12:21,869 [INFO] Starting JAX distributed service on [::]:63065
2025-08-28 20:12:21,875 [INFO] Connecting to JAX distributed service on jwb0636:63065
2025-08-28 20:12:32,693 [INFO] Unable to initialize backend 'tpu': INTERNAL: Failed to open libtpu.so: libtpu.so: cannot open shared object file: No such file or directory
2025-08-28 20:12:34,259 [INFO] [JAX] ProcID: 0
2025-08-28 20:12:34,259 [INFO] [JAX] Local devices: [CudaDevice(id=0), CudaDevice(id=1), CudaDevice(id=2), CudaDevice(id=3)]
2025-08-28 20:12:34,259 [INFO] [JAX] Global devices: [CudaDevice(id=0), CudaDevice(id=1), CudaDevice(id=2), CudaDevice(id=3), CudaDevice(id=4), CudaDevice(id=5), CudaDevice(id=6), CudaDevice(id=7)]
2025-08-28 20:12:34,259 [INFO] Host 0 sees 4 local devices
2025-08-28 20:13:56,476 [INFO] Loss 0: [0.63149726 0.63149726 0.63149726 0.63149726], Naby using the full hints set instead.
2025-08-28 20:12:47.507118: W external/xla/xla/service/gpu/autotuning/dot_search_space.cc:200] All configs were filtered out because none of them sufficiently match the hints. Maybe the hints set does not contain a good representative set of valid configs?Working around this by using the full hints set instead.
2025-08-28 20:13:31.962535: W external/xla/xla/service/gpu/autotuning/dot_search_space.cc:200] All configs were filtered out because none of them sufficiently match the hints. Maybe the hints set does not contain a good representative set of valid configs?Working around this by using the full hints set instead.
2025-08-28 20:13:31.962627: W external/xla/xla/service/gpu/autotuning/dot_search_space.cc:200] All configs were filtered out because none of them sufficiently match the hints. Maybe the hints set does not contain a good representative set of valid configs?Working around this by using the full hints set instead.
2025-08-28 20:13:31.962650: W external/xla/xla/sme: jwb0636.juwels
2025-08-28 20:13:56,476 [INFO] Epoch 1
2025-08-28 20:13:56,476 [INFO] Train Loss: 0.3388, Val Loss: 0.0293
2025-08-28 20:14:25,464 [INFO] Loss 0: [0.0291922 0.0291922 0.0291922 0.0291922], Name: jwb0636.juwels
2025-08-28 20:14:25,464 [INFO] Epoch 2
2025-08-28 20:14:25,464 [INFO] Train Loss: 0.0193, Val Loss: 0.0169
2025-08-28 20:14:54,506 [INFO] Loss 0: [0.01451107 0.01451107 0.01451107 0.01451107], Name: jwb0636.juwels
2025-08-28 20:14:54,506 [INFO] Epoch 3
2025-08-28 20:14:54,506 [INFO] Train Loss: 0.0125, Val Loss: 0.0141
2025-08-28 20:15:23,488 [INFO] Loss 0: [0.01111187 0.01111187 0.01111187 0.01111187], Name: jwb0636.juwels
2025-08-28 20:15:23,488 [INFO] Epoch 4
2025-08-28 20:15:23,488 [INFO] Train Loss: 0.0102, Val Loss: 0.0128
2025-08-28 20:15:52,566 [INFO] Loss 0: [0.00879649 0.00879649 0.00879649 0.00879649], Name: jwb0636.juwels
2025-08-28 20:15:52,566 [INFO] Epoch 5
2025-08-28 20:15:52,566 [INFO] Train Loss: 0.0096, Val Loss: 0.0121
2025-08-28 20:16:21,577 [INFO] Loss 0: [0.0082ervice/gpu/autotuning/dot_search_space.cc:200] All configs were filtered out because none of them sufficiently match the hints. Maybe the hints set does not contain a good representative set of valid configs?Working around this by using the full hints set instead.
2025-08-28 20:13:31.962671: W external/xla/xla/service/gpu/autotuning/dot_search_space.cc:200] All configs were filtered out because none of them sufficiently match the hints. Maybe the hints set does not contain a good representative set of valid configs?Working around this by using the full hints set instead.
2025-08-28 20:13:49.005768: W external/xla/xla/service/gpu/autotuning/dot_search_space.cc:200] All configs were filtered out because none of them sufficiently match the hints. Maybe the hints set does not contain a good representative set of valid configs?Working around this by using the full hints set instead.
2025-08-28 20:13:49.005854: W external/xla/xla/service/gpu/autotuning/dot_search_space.cc:200] All configs were filtered out because 9796 0.00829796 0.00829796 0.00829796], Name: jwb0636.juwels
2025-08-28 20:16:21,577 [INFO] Epoch 6
2025-08-28 20:16:21,577 [INFO] Train Loss: 0.0092, Val Loss: 0.0118
2025-08-28 20:16:50,551 [INFO] Loss 0: [0.00876315 0.00876315 0.00876315 0.00876315], Name: jwb0636.juwels
2025-08-28 20:16:50,551 [INFO] Epoch 7
2025-08-28 20:16:50,551 [INFO] Train Loss: 0.0090, Val Loss: 0.0117
2025-08-28 20:17:19,518 [INFO] Loss 0: [0.00846889 0.00846889 0.00846889 0.00846889], Name: jwb0636.juwels
2025-08-28 20:17:19,519 [INFO] Epoch 8
2025-08-28 20:17:19,519 [INFO] Train Loss: 0.0089, Val Loss: 0.0115
2025-08-28 20:17:48,507 [INFO] Loss 0: [0.00800037 0.00800037 0.00800037 0.00800037], Name: jwb0636.juwels
2025-08-28 20:17:48,507 [INFO] Epoch 9
2025-08-28 20:17:48,507 [INFO] Train Loss: 0.0088, Val Loss: 0.0115
2025-08-28 20:18:17,501 [INFO] Loss 0: [0.00935517 0.00935517 0.00935517 0.00935517], Name: jwb0636.juwels
2025-08-28 20:18:17,501 [INFO] Epoch 10
2025-08-28 20:18:17,501 [INFO] Train Loss: 0.0088, Val Loss: 0.0114none of them sufficiently match the hints. Maybe the hints set does not contain a good representative set of valid configs?Working around this by using the full hints set instead.

INFO:2025-08-28 20:12:07,803:jax._src.distributed:109: JAX distributed initialized with visible devices: 0,1,2,3
INFO:2025-08-28 20:12:07,828:jax._src.distributed:149: Connecting to JAX distributed service on jwb0636:63065
INFO:2025-08-28 20:12:32,693:jax._src.xla_bridge:752: Unable to initialize backend 'tpu': INTERNAL: Failed to open libtpu.so: libtpu.so: cannot open shared object file: No such file or directory
2025-08-28 20:12:37.793850: W external/xla/xla/service/gpu/autotuning/dot_search_space.cc:200] All configs were filtered out because none of them sufficiently match the hints. Maybe the hints set does not contain a good representative set of valid configs?Working around this by using the full hints set instead.


2025-08-28 20:12:37.793935: W external/xla/xla/service/gpu/autotuning/dot_search_space.cc:200] All configs were filtered out because none of them sufficiently match the hints. Maybe the hints set does not contain a good representative set of valid configs?Working around this by using the full hints set instead.
2025-08-28 20:12:47.548564: W external/xla/xla/service/gpu/autotuning/dot_search_space.cc:200] All configs were filtered out because none of them sufficiently match the hints. Maybe the hints set does not contain a good representative set of valid configs?Working around this by using the full hints set instead.
2025-08-28 20:13:31.956281: W external/xla/xla/service/gpu/autotuning/dot_search_space.cc:200] All configs were filtered out because none of them sufficiently match the hints. Maybe the hints set does not contain a good representative set of valid configs?Working around this by using the full hints set instead.

2025-08-28 20:11:27,987 [INFO] Time Window: 128 | Horizons: [  8  16  32  64 128]
2025-08-28 20:12:07,803 [INFO] JAX distributed initialized with visible devices: 0,1,2,3
2025-08-28 20:12:07,828 [INFO] Connecting to JAX distributed service on jwb0636:63065
2025-08-28 20:12:32,693 [INFO] Unable to initialize backend 'tpu': INTERNAL: Failed to open libtpu.so: libtpu.so: cannot open shared object file: No such file or directory
2025-08-28 20:12:34,260 [INFO] [JAX] ProcID: 1
2025-08-28 20:12:34,260 [INFO] [JAX] Local devices: [CudaDevice(id=4), CudaDevice(id=5), CudaDevice(id=6), CudaDevice(id=7)]
2025-08-28 20:12:34,260 [INFO] [JAX] Global devices: [CudaDevice(id=0), CudaDevice(id=1), CudaDevice(id=2), CudaDevice(id=3), CudaDevice(id=4), CudaDevice(id=5), CudaDevice(id=6), CudaDevice(id=7)]
2025-08-28 20:12:34,260 [INFO] Host 1 sees 4 local devices
2025-08-28 20:13:56,469 [INFO] Loss 1: [0.63149726 0.63149726 0.63149726 0.63149726], Name: jwb0638.juwels
2025-08-28 20:14:25,457 [INFO] Loss 1: [0.0291922 0.0291922 0.0291922 0.0291922], Name: jwb0638.juwels
2025-08-28 20:14:54,499 [INFO] Loss 1: [0.01451107 0.01451107 0.01451107 0.01451107], Name: jwb0638.juwels
2025-08-28 20:15:23,482 [INFO] Loss 1: [0.01111187 0.01111187 0.01111187 0.01111187], Name: jwb0638.juwels
2025-08-28 20:15:52,568 [INFO] Loss 1: [0.00879649 0.00879649 0.00879649 0.00879649], Name: jwb0638.juwels
2025-08-28 20:16:21,573 [INFO] Loss 1: [0.00829796 0.00829796 0.00829796 0.00829796], Name: jwb0638.juwels
2025-08-28 20:16:50,542 [INFO] Loss 1: [0.00876315 0.00876315 0.00876315 0.00876315], Name: jwb0638.juwels
2025-08-28 20:17:19,507 [INFO] Loss 1: [0.00846889 0.00846889 0.00846889 0.00846889], Name: jwb0638.juwels
2025-08-28 20:17:48,503 [INFO] Loss 1: [0.00800037 0.00800037 0.00800037 0.00800037], Name: jwb0638.juwels
2025-08-28 20:18:17,479 [INFO] Loss 1: [0.00935517 0.00935517 0.00935517 0.00935517], Name: jwb0638.juwels

